
[ 2017-07-14 16:49:49 ] : cli脚本启动成功~
[ 2017-07-14 16:49:51 ] : test脚本启动成功~
[ 2017-07-14 16:49:56 ] : master脚本启动成功~
[ 2017-07-14 16:49:57 ] : master脚本退出
[ 2017-07-14 16:50:25 ] : good脚本启动成功~
[ 2017-07-14 16:52:05 ] : good脚本退出
[ 2017-07-14 16:59:52 ] : cli脚本正在运行中~
[ 2017-07-14 16:59:54 ] : test脚本正在运行中~
[ 2017-07-14 17:00:12 ] : cli脚本已经停止~
[ 2017-07-14 17:00:15 ] : test脚本已经停止~
[ 2017-07-15 02:08:24 ] : test脚本启动成功~
[ 2017-07-15 08:50:55 ] : test脚本退出
[ 2017-07-15 15:58:02 ] : cli脚本启动成功~
[ 2017-07-15 15:58:08 ] : good脚本启动成功~
[ 2017-07-15 15:59:48 ] : good脚本退出
[ 2017-07-15 16:14:42 ] : cli脚本退出
[ 2017-07-17 08:35:41 ] : cli脚本启动成功~
[ 2017-07-17 08:36:59 ] : good脚本启动成功~
[ 2017-07-17 08:38:39 ] : good脚本退出

Warning: call_user_func_array() expects parameter 1 to be a valid callback, class 'Master' does not have a method 'sttopScript' in /var/www/html/manageScripts/Master.php on line 69

Warning: call_user_func_array() expects parameter 1 to be a valid callback, class 'Master' does not have a method 'sttopScript' in /var/www/html/manageScripts/Master.php on line 69
[ 2017-07-17 08:42:09 ] : cli脚本已经停止~
[ 2017-07-17 08:42:44 ] : good脚本启动成功~
[ 2017-07-17 08:44:25 ] : good脚本退出
[ 2017-07-17 08:44:42 ] : good脚本未启动~
[ 2017-07-17 08:45:08 ] : good脚本启动成功~
[ 2017-07-17 08:45:43 ] : cli脚本启动成功~
[ 2017-07-17 08:46:48 ] : good脚本退出
[ 2017-07-17 08:47:54 ] : good脚本启动成功~
[ 2017-07-17 08:48:08 ] : good脚本已经停止~
[ 2017-07-17 08:49:13 ] : good脚本启动成功~
[ 2017-07-17 08:49:29 ] : good脚本已经停止~
[ 2017-07-17 08:50:58 ] : good脚本启动成功~
[ 2017-07-17 08:51:11 ] : good脚本已经停止~
[ 2017-07-17 08:51:23 ] : cli脚本未启动~
[ 2017-07-17 08:51:30 ] : cli脚本启动成功~
[ 2017-07-17 08:51:45 ] : cli脚本已经停止~
[ 2017-07-17 08:58:27 ] : good脚本启动成功~
[ 2017-07-17 08:58:37 ] : good脚本已经停止~
[ 2017-07-17 09:00:27 ] : good脚本启动成功~
关闭脚本[ 2017-07-17 09:00:41 ] : good脚本已经停止~
[ 2017-07-17 09:09:35 ] : good脚本启动成功~

Warning: call_user_func_array() expects parameter 1 to be a valid callback, class 'Master' does not have a method 'sttopScript' in /var/www/html/manageScripts/Master.php on line 73
[ 2017-07-17 09:09:49 ] : good脚本已经停止~
[ 2017-07-17 09:10:23 ] : good脚本启动成功~
[ 2017-07-17 09:10:31 ] : good脚本已经停止~
[ 2017-07-17 09:11:56 ] : good脚本启动成功~
[ 2017-07-17 09:12:08 ] : good脚本已经停止~
[ 2017-07-17 09:12:31 ] : cli脚本未启动~
